<?xml version="1.0" encoding="UTF-8"?>
<!-- Generated by org.testng.reporters.JUnitXMLReporter -->
<testsuite ignored="5" hostname="SivaRam" failures="0" tests="0" time="0.046" errors="0" timestamp="2025-01-23T19:16:50 IST">
  <testcase classname="com.testngTest.FirstTest" name="RegularExpression" time="0.0">
    <ignored/>
  </testcase> <!-- RegularExpression -->
  <testcase classname="com.testngTest.FirstTest" name="BrokenLinks" time="0.0">
    <ignored/>
  </testcase> <!-- BrokenLinks -->
  <testcase classname="com.testngTest.FirstTest" name="SSOUsingRobot" time="0.0">
    <ignored/>
  </testcase> <!-- SSOUsingRobot -->
  <testcase classname="com.testngTest.FirstTest" name="checkBoxSelectionTest" time="0.0">
    <ignored/>
  </testcase> <!-- checkBoxSelectionTest -->
  <testcase classname="com.testngTest.FirstTest" name="AlertAndWindowHandleTests" time="0.0">
    <ignored/>
  </testcase> <!-- AlertAndWindowHandleTests -->
</testsuite>
