<?xml version="1.0" encoding="UTF-8"?>
<!-- Generated by org.testng.reporters.JUnitXMLReporter -->
<testsuite ignored="1" hostname="SivaRam" failures="0" tests="2" name="Test" time="29.806" errors="0" timestamp="2025-01-22T23:11:06 IST">
  <testcase classname="com.testngTest.FirstTest" name="checkBoxSelectionTest" time="13.749"/>
  <testcase classname="com.testngTest.SecondTest" name="fistTestInSecondTestClass" time="10.27"/>
  <testcase classname="com.testngTest.FirstTest" name="AlertAndWindowHandleTests" time="0.0">
    <ignored/>
  </testcase> <!-- AlertAndWindowHandleTests -->
</testsuite> <!-- Test -->
