<?xml version="1.0" encoding="UTF-8"?>
<!-- Generated by org.testng.reporters.JUnitXMLReporter -->
<testsuite ignored="1" hostname="SivaRam" failures="0" tests="1" name="Test(failed)" time="44.002" errors="0" timestamp="2025-01-22T22:52:41 IST">
  <testcase classname="com.testngTest.FirstTest" name="AlertAndWindowHandleTests" time="40.069"/>
  <testcase classname="com.testngTest.FirstTest" name="checkBoxSelectionTest" time="0.0">
    <ignored/>
  </testcase> <!-- checkBoxSelectionTest -->
</testsuite> <!-- Test(failed) -->
